[33mWARNING[0m:  [26-04-2025 16:09:12] chroma_server_nofile is set to 65535, but this is less than current soft limit of 1048575. chroma_server_nofile will not be set.
[32mINFO[0m:     [26-04-2025 16:09:13] Anonymized telemetry enabled. See                     https://docs.trychroma.com/telemetry for more information.
[36mDEBUG[0m:    [26-04-2025 16:09:13] Starting component System
[36mDEBUG[0m:    [26-04-2025 16:09:13] Starting component OpenTelemetryClient
[36mDEBUG[0m:    [26-04-2025 16:09:13] Starting component SqliteDB
[36mDEBUG[0m:    [26-04-2025 16:09:13] Starting component SimpleQuotaEnforcer
[36mDEBUG[0m:    [26-04-2025 16:09:13] Starting component Posthog
[36mDEBUG[0m:    [26-04-2025 16:09:13] Starting component SimpleRateLimitEnforcer
[36mDEBUG[0m:    [26-04-2025 16:09:13] Starting component LocalSegmentManager
[36mDEBUG[0m:    [26-04-2025 16:09:13] Starting component LocalExecutor
[36mDEBUG[0m:    [26-04-2025 16:09:13] Starting component SegmentAPI
[36mDEBUG[0m:    [26-04-2025 16:09:13] Starting component SimpleAsyncRateLimitEnforcer
[32mINFO[0m:     [26-04-2025 16:09:13] Started server process [[36m31923[0m]
[32mINFO[0m:     [26-04-2025 16:09:13] Waiting for application startup.
[32mINFO[0m:     [26-04-2025 16:09:13] Application startup complete.
[32mINFO[0m:     [26-04-2025 16:09:13] Uvicorn running on [1mhttp://localhost:8000[0m (Press CTRL+C to quit)
[32mINFO[0m:     [26-04-2025 16:16:27] ::1:54100 - "GET /api/v2/auth/identity HTTP/1.1" 200
[32mINFO[0m:     [26-04-2025 16:16:27] ::1:54101 - "GET /api/v2/tenants/default_tenant HTTP/1.1" 200
[32mINFO[0m:     [26-04-2025 16:16:27] ::1:54101 - "GET /api/v2/tenants/default_tenant/databases/default_database HTTP/1.1" 200
[31mERROR[0m:    [26-04-2025 16:16:27] '_type'
Traceback (most recent call last):
  File "/Library/Frameworks/Python.framework/Versions/3.12/lib/python3.12/site-packages/anyio/streams/memory.py", line 111, in receive
    return self.receive_nowait()
           ^^^^^^^^^^^^^^^^^^^^^
  File "/Library/Frameworks/Python.framework/Versions/3.12/lib/python3.12/site-packages/anyio/streams/memory.py", line 106, in receive_nowait
    raise WouldBlock
anyio.WouldBlock

During handling of the above exception, another exception occurred:

Traceback (most recent call last):
  File "/Library/Frameworks/Python.framework/Versions/3.12/lib/python3.12/site-packages/anyio/streams/memory.py", line 124, in receive
    return receiver.item
           ^^^^^^^^^^^^^
AttributeError: 'MemoryObjectItemReceiver' object has no attribute 'item'

During handling of the above exception, another exception occurred:

Traceback (most recent call last):
  File "/Library/Frameworks/Python.framework/Versions/3.12/lib/python3.12/site-packages/starlette/middleware/base.py", line 148, in call_next
    message = await recv_stream.receive()
              ^^^^^^^^^^^^^^^^^^^^^^^^^^^
  File "/Library/Frameworks/Python.framework/Versions/3.12/lib/python3.12/site-packages/anyio/streams/memory.py", line 126, in receive
    raise EndOfStream
anyio.EndOfStream

During handling of the above exception, another exception occurred:

Traceback (most recent call last):
  File "/Library/Frameworks/Python.framework/Versions/3.12/lib/python3.12/site-packages/chromadb/server/fastapi/__init__.py", line 120, in catch_exceptions_middleware
    return await call_next(request)
           ^^^^^^^^^^^^^^^^^^^^^^^^
  File "/Library/Frameworks/Python.framework/Versions/3.12/lib/python3.12/site-packages/starlette/middleware/base.py", line 154, in call_next
    raise app_exc
  File "/Library/Frameworks/Python.framework/Versions/3.12/lib/python3.12/site-packages/starlette/middleware/base.py", line 141, in coro
    await self.app(scope, receive_or_disconnect, send_no_error)
  File "/Library/Frameworks/Python.framework/Versions/3.12/lib/python3.12/site-packages/starlette/middleware/base.py", line 177, in __call__
    with recv_stream, send_stream, collapse_excgroups():
                                   ^^^^^^^^^^^^^^^^^^^^
  File "/Library/Frameworks/Python.framework/Versions/3.12/lib/python3.12/contextlib.py", line 158, in __exit__
    self.gen.throw(value)
  File "/Library/Frameworks/Python.framework/Versions/3.12/lib/python3.12/site-packages/starlette/_utils.py", line 82, in collapse_excgroups
    raise exc
  File "/Library/Frameworks/Python.framework/Versions/3.12/lib/python3.12/site-packages/starlette/middleware/base.py", line 179, in __call__
    response = await self.dispatch_func(request, call_next)
               ^^^^^^^^^^^^^^^^^^^^^^^^^^^^^^^^^^^^^^^^^^^^
  File "/Library/Frameworks/Python.framework/Versions/3.12/lib/python3.12/site-packages/chromadb/server/fastapi/__init__.py", line 144, in check_http_version_middleware
    return await call_next(request)
           ^^^^^^^^^^^^^^^^^^^^^^^^
  File "/Library/Frameworks/Python.framework/Versions/3.12/lib/python3.12/site-packages/starlette/middleware/base.py", line 154, in call_next
    raise app_exc
  File "/Library/Frameworks/Python.framework/Versions/3.12/lib/python3.12/site-packages/starlette/middleware/base.py", line 141, in coro
    await self.app(scope, receive_or_disconnect, send_no_error)
  File "/Library/Frameworks/Python.framework/Versions/3.12/lib/python3.12/site-packages/starlette/middleware/exceptions.py", line 62, in __call__
    await wrap_app_handling_exceptions(self.app, conn)(scope, receive, send)
  File "/Library/Frameworks/Python.framework/Versions/3.12/lib/python3.12/site-packages/starlette/_exception_handler.py", line 53, in wrapped_app
    raise exc
  File "/Library/Frameworks/Python.framework/Versions/3.12/lib/python3.12/site-packages/starlette/_exception_handler.py", line 42, in wrapped_app
    await app(scope, receive, sender)
  File "/Library/Frameworks/Python.framework/Versions/3.12/lib/python3.12/site-packages/starlette/routing.py", line 715, in __call__
    await self.middleware_stack(scope, receive, send)
  File "/Library/Frameworks/Python.framework/Versions/3.12/lib/python3.12/site-packages/starlette/routing.py", line 735, in app
    await route.handle(scope, receive, send)
  File "/Library/Frameworks/Python.framework/Versions/3.12/lib/python3.12/site-packages/starlette/routing.py", line 288, in handle
    await self.app(scope, receive, send)
  File "/Library/Frameworks/Python.framework/Versions/3.12/lib/python3.12/site-packages/starlette/routing.py", line 76, in app
    await wrap_app_handling_exceptions(app, request)(scope, receive, send)
  File "/Library/Frameworks/Python.framework/Versions/3.12/lib/python3.12/site-packages/starlette/_exception_handler.py", line 53, in wrapped_app
    raise exc
  File "/Library/Frameworks/Python.framework/Versions/3.12/lib/python3.12/site-packages/starlette/_exception_handler.py", line 42, in wrapped_app
    await app(scope, receive, sender)
  File "/Library/Frameworks/Python.framework/Versions/3.12/lib/python3.12/site-packages/starlette/routing.py", line 73, in app
    response = await f(request)
               ^^^^^^^^^^^^^^^^
  File "/Library/Frameworks/Python.framework/Versions/3.12/lib/python3.12/site-packages/fastapi/routing.py", line 301, in app
    raw_response = await run_endpoint_function(
                   ^^^^^^^^^^^^^^^^^^^^^^^^^^^^
  File "/Library/Frameworks/Python.framework/Versions/3.12/lib/python3.12/site-packages/fastapi/routing.py", line 212, in run_endpoint_function
    return await dependant.call(**values)
           ^^^^^^^^^^^^^^^^^^^^^^^^^^^^^^
  File "/Library/Frameworks/Python.framework/Versions/3.12/lib/python3.12/site-packages/chromadb/telemetry/opentelemetry/__init__.py", line 134, in async_wrapper
    return await f(*args, **kwargs)
           ^^^^^^^^^^^^^^^^^^^^^^^^
  File "/Library/Frameworks/Python.framework/Versions/3.12/lib/python3.12/site-packages/chromadb/server/fastapi/__init__.py", line 798, in create_collection
    await to_thread.run_sync(
  File "/Library/Frameworks/Python.framework/Versions/3.12/lib/python3.12/site-packages/anyio/to_thread.py", line 56, in run_sync
    return await get_async_backend().run_sync_in_worker_thread(
           ^^^^^^^^^^^^^^^^^^^^^^^^^^^^^^^^^^^^^^^^^^^^^^^^^^^^
  File "/Library/Frameworks/Python.framework/Versions/3.12/lib/python3.12/site-packages/anyio/_backends/_asyncio.py", line 2461, in run_sync_in_worker_thread
    return await future
           ^^^^^^^^^^^^
  File "/Library/Frameworks/Python.framework/Versions/3.12/lib/python3.12/site-packages/anyio/_backends/_asyncio.py", line 962, in run
    result = context.run(func, *args)
             ^^^^^^^^^^^^^^^^^^^^^^^^
  File "/Library/Frameworks/Python.framework/Versions/3.12/lib/python3.12/site-packages/chromadb/server/fastapi/__init__.py", line 787, in process_create_collection
    return self._api.create_collection(
           ^^^^^^^^^^^^^^^^^^^^^^^^^^^^
  File "/Library/Frameworks/Python.framework/Versions/3.12/lib/python3.12/site-packages/chromadb/telemetry/opentelemetry/__init__.py", line 150, in wrapper
    return f(*args, **kwargs)
           ^^^^^^^^^^^^^^^^^^
  File "/Library/Frameworks/Python.framework/Versions/3.12/lib/python3.12/site-packages/chromadb/api/segment.py", line 103, in wrapper
    return self._rate_limit_enforcer.rate_limit(func)(*args, **kwargs)
           ^^^^^^^^^^^^^^^^^^^^^^^^^^^^^^^^^^^^^^^^^^^^^^^^^^^^^^^^^^^
  File "/Library/Frameworks/Python.framework/Versions/3.12/lib/python3.12/site-packages/chromadb/rate_limit/simple_rate_limit/__init__.py", line 24, in wrapper
    return func(*args, **kwargs)
           ^^^^^^^^^^^^^^^^^^^^^
  File "/Library/Frameworks/Python.framework/Versions/3.12/lib/python3.12/site-packages/chromadb/api/segment.py", line 242, in create_collection
    coll, created = self._sysdb.create_collection(
                    ^^^^^^^^^^^^^^^^^^^^^^^^^^^^^^
  File "/Library/Frameworks/Python.framework/Versions/3.12/lib/python3.12/site-packages/chromadb/telemetry/opentelemetry/__init__.py", line 150, in wrapper
    return f(*args, **kwargs)
           ^^^^^^^^^^^^^^^^^^
  File "/Library/Frameworks/Python.framework/Versions/3.12/lib/python3.12/site-packages/chromadb/db/mixins/sysdb.py", line 294, in create_collection
    existing = self.get_collections(name=name, tenant=tenant, database=database)
               ^^^^^^^^^^^^^^^^^^^^^^^^^^^^^^^^^^^^^^^^^^^^^^^^^^^^^^^^^^^^^^^^^
  File "/Library/Frameworks/Python.framework/Versions/3.12/lib/python3.12/site-packages/chromadb/telemetry/opentelemetry/__init__.py", line 150, in wrapper
    return f(*args, **kwargs)
           ^^^^^^^^^^^^^^^^^^
  File "/Library/Frameworks/Python.framework/Versions/3.12/lib/python3.12/site-packages/chromadb/db/mixins/sysdb.py", line 521, in get_collections
    configuration = self._load_config_from_json_str_and_migrate(
                    ^^^^^^^^^^^^^^^^^^^^^^^^^^^^^^^^^^^^^^^^^^^^
  File "/Library/Frameworks/Python.framework/Versions/3.12/lib/python3.12/site-packages/chromadb/db/mixins/sysdb.py", line 886, in _load_config_from_json_str_and_migrate
    return CollectionConfigurationInternal.from_json_str(json_str)
           ^^^^^^^^^^^^^^^^^^^^^^^^^^^^^^^^^^^^^^^^^^^^^^^^^^^^^^^
  File "/Library/Frameworks/Python.framework/Versions/3.12/lib/python3.12/site-packages/chromadb/api/configuration.py", line 188, in from_json_str
    return cls.from_json(config_json)
           ^^^^^^^^^^^^^^^^^^^^^^^^^^
  File "/Library/Frameworks/Python.framework/Versions/3.12/lib/python3.12/site-packages/chromadb/api/configuration.py", line 209, in from_json
    f"Trying to instantiate configuration of type {cls.__name__} from JSON with type {json_map['_type']}"
                                                                                      ~~~~~~~~^^^^^^^^^
KeyError: '_type'
[32mINFO[0m:     [26-04-2025 16:16:27] ::1:54100 - "POST /api/v2/tenants/default_tenant/databases/default_database/collections HTTP/1.1" 500
[32mINFO[0m:     [26-04-2025 16:21:24] Shutting down
[32mINFO[0m:     [26-04-2025 16:21:24] Waiting for application shutdown.
[36mDEBUG[0m:    [26-04-2025 16:21:24] Stopping component System
[36mDEBUG[0m:    [26-04-2025 16:21:24] Stopping component SegmentAPI
[36mDEBUG[0m:    [26-04-2025 16:21:24] Stopping component LocalExecutor
[36mDEBUG[0m:    [26-04-2025 16:21:24] Stopping component LocalSegmentManager
[36mDEBUG[0m:    [26-04-2025 16:21:24] Stopping component SimpleAsyncRateLimitEnforcer
[36mDEBUG[0m:    [26-04-2025 16:21:24] Stopping component SimpleRateLimitEnforcer
[36mDEBUG[0m:    [26-04-2025 16:21:24] Stopping component Posthog
[36mDEBUG[0m:    [26-04-2025 16:21:24] Stopping component SimpleQuotaEnforcer
[36mDEBUG[0m:    [26-04-2025 16:21:24] Stopping component SqliteDB
[36mDEBUG[0m:    [26-04-2025 16:21:24] Stopping component OpenTelemetryClient
[32mINFO[0m:     [26-04-2025 16:21:24] Application shutdown complete.
[32mINFO[0m:     [26-04-2025 16:21:24] Finished server process [[36m31923[0m]
[33mWARNING[0m:  [26-04-2025 16:21:57] chroma_server_nofile is set to 65535, but this is less than current soft limit of 1048575. chroma_server_nofile will not be set.
[32mINFO[0m:     [26-04-2025 16:21:57] Anonymized telemetry enabled. See                     https://docs.trychroma.com/telemetry for more information.
[36mDEBUG[0m:    [26-04-2025 16:21:57] Starting component System
[36mDEBUG[0m:    [26-04-2025 16:21:57] Starting component OpenTelemetryClient
[36mDEBUG[0m:    [26-04-2025 16:21:57] Starting component SqliteDB
[36mDEBUG[0m:    [26-04-2025 16:21:57] Starting component SimpleQuotaEnforcer
[36mDEBUG[0m:    [26-04-2025 16:21:57] Starting component Posthog
[36mDEBUG[0m:    [26-04-2025 16:21:57] Starting component SimpleRateLimitEnforcer
[36mDEBUG[0m:    [26-04-2025 16:21:57] Starting component LocalSegmentManager
[36mDEBUG[0m:    [26-04-2025 16:21:57] Starting component LocalExecutor
[36mDEBUG[0m:    [26-04-2025 16:21:57] Starting component SegmentAPI
[36mDEBUG[0m:    [26-04-2025 16:21:57] Starting component SimpleAsyncRateLimitEnforcer
[32mINFO[0m:     [26-04-2025 16:21:57] Started server process [[36m34955[0m]
[32mINFO[0m:     [26-04-2025 16:21:57] Waiting for application startup.
[32mINFO[0m:     [26-04-2025 16:21:57] Application startup complete.
[32mINFO[0m:     [26-04-2025 16:21:57] Uvicorn running on [1mhttp://localhost:8000[0m (Press CTRL+C to quit)
[32mINFO[0m:     [26-04-2025 16:23:36] ::1:54214 - "GET /api/v2/auth/identity HTTP/1.1" 200
[32mINFO[0m:     [26-04-2025 16:23:36] ::1:54215 - "GET /api/v2/tenants/default_tenant HTTP/1.1" 200
[32mINFO[0m:     [26-04-2025 16:23:36] ::1:54215 - "GET /api/v2/tenants/default_tenant/databases/default_database HTTP/1.1" 200
[32mINFO[0m:     [26-04-2025 16:23:36] ::1:54214 - "POST /api/v2/tenants/default_tenant/databases/default_database/collections HTTP/1.1" 200
[32mINFO[0m:     [26-04-2025 16:23:55] ::1:54220 - "GET /api/v2/pre-flight-checks HTTP/1.1" 200
[36mDEBUG[0m:    [26-04-2025 16:23:55] Starting component PersistentLocalHnswSegment
[32mINFO[0m:     [26-04-2025 16:23:56] ::1:54220 - "POST /api/v2/tenants/default_tenant/databases/default_database/collections/39459a7a-86b2-44d5-af2e-db7df8634376/upsert HTTP/1.1" 200
[32mINFO[0m:     [26-04-2025 16:24:12] ::1:54221 - "POST /api/v2/tenants/default_tenant/databases/default_database/collections/39459a7a-86b2-44d5-af2e-db7df8634376/upsert HTTP/1.1" 200
[32mINFO[0m:     [26-04-2025 16:24:35] ::1:54224 - "POST /api/v2/tenants/default_tenant/databases/default_database/collections/39459a7a-86b2-44d5-af2e-db7df8634376/upsert HTTP/1.1" 200
[32mINFO[0m:     [26-04-2025 16:24:56] ::1:54238 - "POST /api/v2/tenants/default_tenant/databases/default_database/collections/39459a7a-86b2-44d5-af2e-db7df8634376/upsert HTTP/1.1" 200
[32mINFO[0m:     [26-04-2025 16:25:28] ::1:54250 - "POST /api/v2/tenants/default_tenant/databases/default_database/collections/39459a7a-86b2-44d5-af2e-db7df8634376/upsert HTTP/1.1" 200
[32mINFO[0m:     [26-04-2025 16:26:05] ::1:54267 - "POST /api/v2/tenants/default_tenant/databases/default_database/collections/39459a7a-86b2-44d5-af2e-db7df8634376/upsert HTTP/1.1" 200
[32mINFO[0m:     [26-04-2025 16:27:10] ::1:54281 - "POST /api/v2/tenants/default_tenant/databases/default_database/collections/39459a7a-86b2-44d5-af2e-db7df8634376/upsert HTTP/1.1" 200
[32mINFO[0m:     [26-04-2025 16:28:01] ::1:54286 - "POST /api/v2/tenants/default_tenant/databases/default_database/collections/39459a7a-86b2-44d5-af2e-db7df8634376/upsert HTTP/1.1" 200
[32mINFO[0m:     [26-04-2025 16:29:37] ::1:54305 - "POST /api/v2/tenants/default_tenant/databases/default_database/collections/39459a7a-86b2-44d5-af2e-db7df8634376/upsert HTTP/1.1" 200
[32mINFO[0m:     [26-04-2025 16:30:20] ::1:54318 - "POST /api/v2/tenants/default_tenant/databases/default_database/collections/39459a7a-86b2-44d5-af2e-db7df8634376/upsert HTTP/1.1" 200
[32mINFO[0m:     [26-04-2025 16:30:56] ::1:54323 - "POST /api/v2/tenants/default_tenant/databases/default_database/collections/39459a7a-86b2-44d5-af2e-db7df8634376/upsert HTTP/1.1" 200
[32mINFO[0m:     [26-04-2025 16:31:33] ::1:54331 - "POST /api/v2/tenants/default_tenant/databases/default_database/collections/39459a7a-86b2-44d5-af2e-db7df8634376/upsert HTTP/1.1" 200
[32mINFO[0m:     [26-04-2025 16:31:53] ::1:54343 - "POST /api/v2/tenants/default_tenant/databases/default_database/collections/39459a7a-86b2-44d5-af2e-db7df8634376/upsert HTTP/1.1" 200
[32mINFO[0m:     [26-04-2025 16:32:02] ::1:54345 - "POST /api/v2/tenants/default_tenant/databases/default_database/collections/39459a7a-86b2-44d5-af2e-db7df8634376/upsert HTTP/1.1" 200
[32mINFO[0m:     [26-04-2025 16:32:12] ::1:54348 - "POST /api/v2/tenants/default_tenant/databases/default_database/collections/39459a7a-86b2-44d5-af2e-db7df8634376/upsert HTTP/1.1" 200
[32mINFO[0m:     [26-04-2025 16:32:21] ::1:54352 - "POST /api/v2/tenants/default_tenant/databases/default_database/collections/39459a7a-86b2-44d5-af2e-db7df8634376/upsert HTTP/1.1" 200
[32mINFO[0m:     [26-04-2025 16:32:36] ::1:54361 - "POST /api/v2/tenants/default_tenant/databases/default_database/collections/39459a7a-86b2-44d5-af2e-db7df8634376/upsert HTTP/1.1" 200
[32mINFO[0m:     [26-04-2025 16:32:53] ::1:54365 - "POST /api/v2/tenants/default_tenant/databases/default_database/collections/39459a7a-86b2-44d5-af2e-db7df8634376/upsert HTTP/1.1" 200
[32mINFO[0m:     [26-04-2025 16:33:17] ::1:54367 - "POST /api/v2/tenants/default_tenant/databases/default_database/collections/39459a7a-86b2-44d5-af2e-db7df8634376/upsert HTTP/1.1" 200
[32mINFO[0m:     [26-04-2025 16:33:36] ::1:54373 - "POST /api/v2/tenants/default_tenant/databases/default_database/collections/39459a7a-86b2-44d5-af2e-db7df8634376/upsert HTTP/1.1" 200
[32mINFO[0m:     [26-04-2025 16:33:53] ::1:54380 - "POST /api/v2/tenants/default_tenant/databases/default_database/collections/39459a7a-86b2-44d5-af2e-db7df8634376/upsert HTTP/1.1" 200
[32mINFO[0m:     [26-04-2025 16:34:23] ::1:54386 - "POST /api/v2/tenants/default_tenant/databases/default_database/collections/39459a7a-86b2-44d5-af2e-db7df8634376/upsert HTTP/1.1" 200
[32mINFO[0m:     [26-04-2025 16:34:57] ::1:54392 - "POST /api/v2/tenants/default_tenant/databases/default_database/collections/39459a7a-86b2-44d5-af2e-db7df8634376/upsert HTTP/1.1" 200
[32mINFO[0m:     [26-04-2025 16:35:33] ::1:54400 - "POST /api/v2/tenants/default_tenant/databases/default_database/collections/39459a7a-86b2-44d5-af2e-db7df8634376/upsert HTTP/1.1" 200
[32mINFO[0m:     [26-04-2025 16:36:10] ::1:54404 - "POST /api/v2/tenants/default_tenant/databases/default_database/collections/39459a7a-86b2-44d5-af2e-db7df8634376/upsert HTTP/1.1" 200
[32mINFO[0m:     [26-04-2025 16:36:32] ::1:54416 - "POST /api/v2/tenants/default_tenant/databases/default_database/collections/39459a7a-86b2-44d5-af2e-db7df8634376/upsert HTTP/1.1" 200
[32mINFO[0m:     [26-04-2025 16:37:02] ::1:54419 - "POST /api/v2/tenants/default_tenant/databases/default_database/collections/39459a7a-86b2-44d5-af2e-db7df8634376/upsert HTTP/1.1" 200
[32mINFO[0m:     [26-04-2025 16:37:31] ::1:54431 - "POST /api/v2/tenants/default_tenant/databases/default_database/collections/39459a7a-86b2-44d5-af2e-db7df8634376/upsert HTTP/1.1" 200
[32mINFO[0m:     [26-04-2025 16:38:08] ::1:54438 - "POST /api/v2/tenants/default_tenant/databases/default_database/collections/39459a7a-86b2-44d5-af2e-db7df8634376/upsert HTTP/1.1" 200
[32mINFO[0m:     [26-04-2025 16:38:44] ::1:54444 - "POST /api/v2/tenants/default_tenant/databases/default_database/collections/39459a7a-86b2-44d5-af2e-db7df8634376/upsert HTTP/1.1" 200
[32mINFO[0m:     [26-04-2025 16:39:18] ::1:54449 - "POST /api/v2/tenants/default_tenant/databases/default_database/collections/39459a7a-86b2-44d5-af2e-db7df8634376/upsert HTTP/1.1" 200
[32mINFO[0m:     [26-04-2025 16:39:44] ::1:54453 - "POST /api/v2/tenants/default_tenant/databases/default_database/collections/39459a7a-86b2-44d5-af2e-db7df8634376/upsert HTTP/1.1" 200
[32mINFO[0m:     [26-04-2025 16:40:06] ::1:54462 - "POST /api/v2/tenants/default_tenant/databases/default_database/collections/39459a7a-86b2-44d5-af2e-db7df8634376/upsert HTTP/1.1" 200
[32mINFO[0m:     [26-04-2025 16:40:28] ::1:54464 - "POST /api/v2/tenants/default_tenant/databases/default_database/collections/39459a7a-86b2-44d5-af2e-db7df8634376/upsert HTTP/1.1" 200
[32mINFO[0m:     [26-04-2025 16:41:20] ::1:54468 - "POST /api/v2/tenants/default_tenant/databases/default_database/collections/39459a7a-86b2-44d5-af2e-db7df8634376/upsert HTTP/1.1" 200
[32mINFO[0m:     [26-04-2025 16:42:23] ::1:54481 - "POST /api/v2/tenants/default_tenant/databases/default_database/collections/39459a7a-86b2-44d5-af2e-db7df8634376/upsert HTTP/1.1" 200
[32mINFO[0m:     [26-04-2025 16:43:05] ::1:54488 - "POST /api/v2/tenants/default_tenant/databases/default_database/collections/39459a7a-86b2-44d5-af2e-db7df8634376/upsert HTTP/1.1" 200
[32mINFO[0m:     [26-04-2025 16:43:37] ::1:54511 - "POST /api/v2/tenants/default_tenant/databases/default_database/collections/39459a7a-86b2-44d5-af2e-db7df8634376/upsert HTTP/1.1" 200
[32mINFO[0m:     [26-04-2025 16:43:54] ::1:54514 - "POST /api/v2/tenants/default_tenant/databases/default_database/collections/39459a7a-86b2-44d5-af2e-db7df8634376/upsert HTTP/1.1" 200
[32mINFO[0m:     [26-04-2025 16:44:12] ::1:54526 - "POST /api/v2/tenants/default_tenant/databases/default_database/collections/39459a7a-86b2-44d5-af2e-db7df8634376/upsert HTTP/1.1" 200
[32mINFO[0m:     [26-04-2025 16:44:32] ::1:54541 - "POST /api/v2/tenants/default_tenant/databases/default_database/collections/39459a7a-86b2-44d5-af2e-db7df8634376/upsert HTTP/1.1" 200
[32mINFO[0m:     [26-04-2025 16:45:01] ::1:54546 - "POST /api/v2/tenants/default_tenant/databases/default_database/collections/39459a7a-86b2-44d5-af2e-db7df8634376/upsert HTTP/1.1" 200
[32mINFO[0m:     [26-04-2025 16:45:38] ::1:54572 - "POST /api/v2/tenants/default_tenant/databases/default_database/collections/39459a7a-86b2-44d5-af2e-db7df8634376/upsert HTTP/1.1" 200
[32mINFO[0m:     [26-04-2025 16:46:18] ::1:54594 - "POST /api/v2/tenants/default_tenant/databases/default_database/collections/39459a7a-86b2-44d5-af2e-db7df8634376/upsert HTTP/1.1" 200
[32mINFO[0m:     [26-04-2025 16:46:58] ::1:54607 - "POST /api/v2/tenants/default_tenant/databases/default_database/collections/39459a7a-86b2-44d5-af2e-db7df8634376/upsert HTTP/1.1" 200
[32mINFO[0m:     [26-04-2025 16:47:27] ::1:54623 - "POST /api/v2/tenants/default_tenant/databases/default_database/collections/39459a7a-86b2-44d5-af2e-db7df8634376/upsert HTTP/1.1" 200
[32mINFO[0m:     [26-04-2025 16:47:48] ::1:54632 - "POST /api/v2/tenants/default_tenant/databases/default_database/collections/39459a7a-86b2-44d5-af2e-db7df8634376/upsert HTTP/1.1" 200
[32mINFO[0m:     [26-04-2025 16:48:09] ::1:54641 - "POST /api/v2/tenants/default_tenant/databases/default_database/collections/39459a7a-86b2-44d5-af2e-db7df8634376/upsert HTTP/1.1" 200
[32mINFO[0m:     [26-04-2025 16:48:29] ::1:54645 - "POST /api/v2/tenants/default_tenant/databases/default_database/collections/39459a7a-86b2-44d5-af2e-db7df8634376/upsert HTTP/1.1" 200
[32mINFO[0m:     [26-04-2025 16:48:52] ::1:54656 - "POST /api/v2/tenants/default_tenant/databases/default_database/collections/39459a7a-86b2-44d5-af2e-db7df8634376/upsert HTTP/1.1" 200
[32mINFO[0m:     [26-04-2025 16:49:21] ::1:54660 - "POST /api/v2/tenants/default_tenant/databases/default_database/collections/39459a7a-86b2-44d5-af2e-db7df8634376/upsert HTTP/1.1" 200
[32mINFO[0m:     [26-04-2025 16:49:43] ::1:54677 - "POST /api/v2/tenants/default_tenant/databases/default_database/collections/39459a7a-86b2-44d5-af2e-db7df8634376/upsert HTTP/1.1" 200
[32mINFO[0m:     [26-04-2025 16:50:05] ::1:54686 - "POST /api/v2/tenants/default_tenant/databases/default_database/collections/39459a7a-86b2-44d5-af2e-db7df8634376/upsert HTTP/1.1" 200
[32mINFO[0m:     [26-04-2025 16:50:31] ::1:54696 - "POST /api/v2/tenants/default_tenant/databases/default_database/collections/39459a7a-86b2-44d5-af2e-db7df8634376/upsert HTTP/1.1" 200
[32mINFO[0m:     [26-04-2025 16:50:52] ::1:54716 - "POST /api/v2/tenants/default_tenant/databases/default_database/collections/39459a7a-86b2-44d5-af2e-db7df8634376/upsert HTTP/1.1" 200
[32mINFO[0m:     [26-04-2025 16:51:39] ::1:54719 - "POST /api/v2/tenants/default_tenant/databases/default_database/collections/39459a7a-86b2-44d5-af2e-db7df8634376/upsert HTTP/1.1" 200
[32mINFO[0m:     [26-04-2025 16:52:19] ::1:54729 - "POST /api/v2/tenants/default_tenant/databases/default_database/collections/39459a7a-86b2-44d5-af2e-db7df8634376/upsert HTTP/1.1" 200
[32mINFO[0m:     [26-04-2025 16:53:12] ::1:54746 - "POST /api/v2/tenants/default_tenant/databases/default_database/collections/39459a7a-86b2-44d5-af2e-db7df8634376/upsert HTTP/1.1" 200
[32mINFO[0m:     [26-04-2025 16:53:35] ::1:54761 - "POST /api/v2/tenants/default_tenant/databases/default_database/collections/39459a7a-86b2-44d5-af2e-db7df8634376/upsert HTTP/1.1" 200
[32mINFO[0m:     [26-04-2025 16:54:03] ::1:54779 - "POST /api/v2/tenants/default_tenant/databases/default_database/collections/39459a7a-86b2-44d5-af2e-db7df8634376/upsert HTTP/1.1" 200
[32mINFO[0m:     [26-04-2025 16:54:27] ::1:54785 - "POST /api/v2/tenants/default_tenant/databases/default_database/collections/39459a7a-86b2-44d5-af2e-db7df8634376/upsert HTTP/1.1" 200
[32mINFO[0m:     [26-04-2025 16:54:53] ::1:54799 - "POST /api/v2/tenants/default_tenant/databases/default_database/collections/39459a7a-86b2-44d5-af2e-db7df8634376/upsert HTTP/1.1" 200
[32mINFO[0m:     [26-04-2025 16:55:20] ::1:54814 - "POST /api/v2/tenants/default_tenant/databases/default_database/collections/39459a7a-86b2-44d5-af2e-db7df8634376/upsert HTTP/1.1" 200
[32mINFO[0m:     [26-04-2025 16:55:45] ::1:54818 - "POST /api/v2/tenants/default_tenant/databases/default_database/collections/39459a7a-86b2-44d5-af2e-db7df8634376/upsert HTTP/1.1" 200
[32mINFO[0m:     [26-04-2025 16:56:02] ::1:54830 - "POST /api/v2/tenants/default_tenant/databases/default_database/collections/39459a7a-86b2-44d5-af2e-db7df8634376/upsert HTTP/1.1" 200
[32mINFO[0m:     [26-04-2025 16:56:27] ::1:54839 - "POST /api/v2/tenants/default_tenant/databases/default_database/collections/39459a7a-86b2-44d5-af2e-db7df8634376/upsert HTTP/1.1" 200
[32mINFO[0m:     [26-04-2025 16:57:14] ::1:54847 - "POST /api/v2/tenants/default_tenant/databases/default_database/collections/39459a7a-86b2-44d5-af2e-db7df8634376/upsert HTTP/1.1" 200
[32mINFO[0m:     [26-04-2025 16:57:49] ::1:54860 - "POST /api/v2/tenants/default_tenant/databases/default_database/collections/39459a7a-86b2-44d5-af2e-db7df8634376/upsert HTTP/1.1" 200
[32mINFO[0m:     [26-04-2025 16:58:24] ::1:54872 - "POST /api/v2/tenants/default_tenant/databases/default_database/collections/39459a7a-86b2-44d5-af2e-db7df8634376/upsert HTTP/1.1" 200
[32mINFO[0m:     [26-04-2025 16:58:56] ::1:54878 - "POST /api/v2/tenants/default_tenant/databases/default_database/collections/39459a7a-86b2-44d5-af2e-db7df8634376/upsert HTTP/1.1" 200
[32mINFO[0m:     [26-04-2025 16:59:22] ::1:54888 - "POST /api/v2/tenants/default_tenant/databases/default_database/collections/39459a7a-86b2-44d5-af2e-db7df8634376/upsert HTTP/1.1" 200
[32mINFO[0m:     [26-04-2025 16:59:57] ::1:54904 - "POST /api/v2/tenants/default_tenant/databases/default_database/collections/39459a7a-86b2-44d5-af2e-db7df8634376/upsert HTTP/1.1" 200
[32mINFO[0m:     [26-04-2025 17:00:25] ::1:54928 - "POST /api/v2/tenants/default_tenant/databases/default_database/collections/39459a7a-86b2-44d5-af2e-db7df8634376/upsert HTTP/1.1" 200
[32mINFO[0m:     [26-04-2025 17:01:01] ::1:54951 - "POST /api/v2/tenants/default_tenant/databases/default_database/collections/39459a7a-86b2-44d5-af2e-db7df8634376/upsert HTTP/1.1" 200
[32mINFO[0m:     [26-04-2025 17:02:04] ::1:54969 - "POST /api/v2/tenants/default_tenant/databases/default_database/collections/39459a7a-86b2-44d5-af2e-db7df8634376/upsert HTTP/1.1" 200
[32mINFO[0m:     [26-04-2025 17:02:32] ::1:54971 - "POST /api/v2/tenants/default_tenant/databases/default_database/collections/39459a7a-86b2-44d5-af2e-db7df8634376/upsert HTTP/1.1" 200
[32mINFO[0m:     [26-04-2025 17:03:38] ::1:54993 - "POST /api/v2/tenants/default_tenant/databases/default_database/collections/39459a7a-86b2-44d5-af2e-db7df8634376/upsert HTTP/1.1" 200
[32mINFO[0m:     [26-04-2025 17:04:28] ::1:55005 - "POST /api/v2/tenants/default_tenant/databases/default_database/collections/39459a7a-86b2-44d5-af2e-db7df8634376/upsert HTTP/1.1" 200
[32mINFO[0m:     [26-04-2025 17:05:04] ::1:55010 - "POST /api/v2/tenants/default_tenant/databases/default_database/collections/39459a7a-86b2-44d5-af2e-db7df8634376/upsert HTTP/1.1" 200
[32mINFO[0m:     [26-04-2025 17:05:44] ::1:55014 - "POST /api/v2/tenants/default_tenant/databases/default_database/collections/39459a7a-86b2-44d5-af2e-db7df8634376/upsert HTTP/1.1" 200
[32mINFO[0m:     [26-04-2025 17:10:31] ::1:55247 - "GET /api/v2/auth/identity HTTP/1.1" 200
[32mINFO[0m:     [26-04-2025 17:10:31] ::1:55248 - "GET /api/v2/tenants/default_tenant HTTP/1.1" 200
[32mINFO[0m:     [26-04-2025 17:10:31] ::1:55248 - "GET /api/v2/tenants/default_tenant/databases/default_database HTTP/1.1" 200
[36mDEBUG[0m:    [26-04-2025 17:10:31] Collection gitlab_data already exists, returning existing collection.
[32mINFO[0m:     [26-04-2025 17:10:31] ::1:55247 - "POST /api/v2/tenants/default_tenant/databases/default_database/collections HTTP/1.1" 200
[32mINFO[0m:     [26-04-2025 17:10:46] Backing off send_request(...) for 0.8s (requests.exceptions.ReadTimeout: HTTPSConnectionPool(host='us.i.posthog.com', port=443): Read timed out. (read timeout=15))
[32mINFO[0m:     [26-04-2025 17:12:27] ::1:55336 - "GET /api/v2/auth/identity HTTP/1.1" 200
[32mINFO[0m:     [26-04-2025 17:12:27] ::1:55337 - "GET /api/v2/tenants/default_tenant HTTP/1.1" 200
[32mINFO[0m:     [26-04-2025 17:12:27] ::1:55337 - "GET /api/v2/tenants/default_tenant/databases/default_database HTTP/1.1" 200
[36mDEBUG[0m:    [26-04-2025 17:12:27] Collection gitlab_data already exists, returning existing collection.
[32mINFO[0m:     [26-04-2025 17:12:27] ::1:55336 - "POST /api/v2/tenants/default_tenant/databases/default_database/collections HTTP/1.1" 200
[32mINFO[0m:     [26-04-2025 17:12:41] ::1:55354 - "GET /api/v2/auth/identity HTTP/1.1" 200
[32mINFO[0m:     [26-04-2025 17:12:41] ::1:55355 - "GET /api/v2/tenants/default_tenant HTTP/1.1" 200
[32mINFO[0m:     [26-04-2025 17:12:41] ::1:55355 - "GET /api/v2/tenants/default_tenant/databases/default_database HTTP/1.1" 200
[36mDEBUG[0m:    [26-04-2025 17:12:41] Collection gitlab_data already exists, returning existing collection.
[32mINFO[0m:     [26-04-2025 17:12:41] ::1:55354 - "POST /api/v2/tenants/default_tenant/databases/default_database/collections HTTP/1.1" 200
[32mINFO[0m:     [26-04-2025 17:14:33] ::1:55433 - "GET /api/v2/auth/identity HTTP/1.1" 200
[32mINFO[0m:     [26-04-2025 17:14:33] ::1:55435 - "GET /api/v2/tenants/default_tenant HTTP/1.1" 200
[32mINFO[0m:     [26-04-2025 17:14:33] ::1:55435 - "GET /api/v2/tenants/default_tenant/databases/default_database HTTP/1.1" 200
[36mDEBUG[0m:    [26-04-2025 17:14:33] Collection gitlab_data already exists, returning existing collection.
[32mINFO[0m:     [26-04-2025 17:14:33] ::1:55433 - "POST /api/v2/tenants/default_tenant/databases/default_database/collections HTTP/1.1" 200
[32mINFO[0m:     [26-04-2025 17:15:31] ::1:55468 - "GET /api/v2/auth/identity HTTP/1.1" 200
[32mINFO[0m:     [26-04-2025 17:15:31] ::1:55469 - "GET /api/v2/tenants/default_tenant HTTP/1.1" 200
[32mINFO[0m:     [26-04-2025 17:15:31] ::1:55469 - "GET /api/v2/tenants/default_tenant/databases/default_database HTTP/1.1" 200
[36mDEBUG[0m:    [26-04-2025 17:15:31] Collection gitlab_data already exists, returning existing collection.
[32mINFO[0m:     [26-04-2025 17:15:31] ::1:55468 - "POST /api/v2/tenants/default_tenant/databases/default_database/collections HTTP/1.1" 200
[32mINFO[0m:     [26-04-2025 17:18:09] ::1:55559 - "GET /api/v2/auth/identity HTTP/1.1" 200
[32mINFO[0m:     [26-04-2025 17:18:09] ::1:55560 - "GET /api/v2/tenants/default_tenant HTTP/1.1" 200
[32mINFO[0m:     [26-04-2025 17:18:09] ::1:55560 - "GET /api/v2/tenants/default_tenant/databases/default_database HTTP/1.1" 200
[36mDEBUG[0m:    [26-04-2025 17:18:09] Collection gitlab_data already exists, returning existing collection.
[32mINFO[0m:     [26-04-2025 17:18:09] ::1:55559 - "POST /api/v2/tenants/default_tenant/databases/default_database/collections HTTP/1.1" 200
[32mINFO[0m:     [26-04-2025 17:19:05] ::1:55607 - "GET /api/v2/auth/identity HTTP/1.1" 200
[32mINFO[0m:     [26-04-2025 17:19:05] ::1:55608 - "GET /api/v2/tenants/default_tenant HTTP/1.1" 200
[32mINFO[0m:     [26-04-2025 17:19:05] ::1:55608 - "GET /api/v2/tenants/default_tenant/databases/default_database HTTP/1.1" 200
[36mDEBUG[0m:    [26-04-2025 17:19:05] Collection gitlab_data already exists, returning existing collection.
[32mINFO[0m:     [26-04-2025 17:19:05] ::1:55607 - "POST /api/v2/tenants/default_tenant/databases/default_database/collections HTTP/1.1" 200
[32mINFO[0m:     [26-04-2025 18:41:19] ::1:56789 - "GET /api/v2/auth/identity HTTP/1.1" 200
[32mINFO[0m:     [26-04-2025 18:41:19] ::1:56790 - "GET /api/v2/tenants/default_tenant HTTP/1.1" 200
[32mINFO[0m:     [26-04-2025 18:41:19] ::1:56790 - "GET /api/v2/tenants/default_tenant/databases/default_database HTTP/1.1" 200
[36mDEBUG[0m:    [26-04-2025 18:41:19] Collection gitlab_data already exists, returning existing collection.
[32mINFO[0m:     [26-04-2025 18:41:19] ::1:56789 - "POST /api/v2/tenants/default_tenant/databases/default_database/collections HTTP/1.1" 200
[32mINFO[0m:     [26-04-2025 18:41:34] Backing off send_request(...) for 0.6s (requests.exceptions.ReadTimeout: HTTPSConnectionPool(host='us.i.posthog.com', port=443): Read timed out. (read timeout=15))
[32mINFO[0m:     [26-04-2025 18:42:39] ::1:56836 - "GET /api/v2/auth/identity HTTP/1.1" 200
[32mINFO[0m:     [26-04-2025 18:42:39] ::1:56837 - "GET /api/v2/tenants/default_tenant HTTP/1.1" 200
[32mINFO[0m:     [26-04-2025 18:42:39] ::1:56837 - "GET /api/v2/tenants/default_tenant/databases/default_database HTTP/1.1" 200
[36mDEBUG[0m:    [26-04-2025 18:42:39] Collection gitlab_data already exists, returning existing collection.
[32mINFO[0m:     [26-04-2025 18:42:39] ::1:56836 - "POST /api/v2/tenants/default_tenant/databases/default_database/collections HTTP/1.1" 200
[32mINFO[0m:     [26-04-2025 18:44:55] ::1:56856 - "GET /api/v2/auth/identity HTTP/1.1" 200
[32mINFO[0m:     [26-04-2025 18:44:55] ::1:56857 - "GET /api/v2/tenants/default_tenant HTTP/1.1" 200
[32mINFO[0m:     [26-04-2025 18:44:55] ::1:56857 - "GET /api/v2/tenants/default_tenant/databases/default_database HTTP/1.1" 200
[36mDEBUG[0m:    [26-04-2025 18:44:55] Collection gitlab_data already exists, returning existing collection.
[32mINFO[0m:     [26-04-2025 18:44:55] ::1:56856 - "POST /api/v2/tenants/default_tenant/databases/default_database/collections HTTP/1.1" 200
[32mINFO[0m:     [26-04-2025 19:53:45] ::1:49248 - "GET /api/v2/auth/identity HTTP/1.1" 200
[32mINFO[0m:     [26-04-2025 19:53:45] ::1:49249 - "GET /api/v2/tenants/default_tenant HTTP/1.1" 200
[32mINFO[0m:     [26-04-2025 19:53:45] ::1:49249 - "GET /api/v2/tenants/default_tenant/databases/default_database HTTP/1.1" 200
[36mDEBUG[0m:    [26-04-2025 19:53:45] Collection gitlab_data already exists, returning existing collection.
[32mINFO[0m:     [26-04-2025 19:53:45] ::1:49248 - "POST /api/v2/tenants/default_tenant/databases/default_database/collections HTTP/1.1" 200
[32mINFO[0m:     [26-04-2025 19:54:00] Backing off send_request(...) for 0.1s (requests.exceptions.ReadTimeout: HTTPSConnectionPool(host='us.i.posthog.com', port=443): Read timed out. (read timeout=15))
[32mINFO[0m:     [26-04-2025 19:54:29] ::1:49442 - "POST /api/v2/tenants/default_tenant/databases/default_database/collections/39459a7a-86b2-44d5-af2e-db7df8634376/query HTTP/1.1" 200
[32mINFO[0m:     [26-04-2025 19:55:05] ::1:49593 - "POST /api/v2/tenants/default_tenant/databases/default_database/collections/39459a7a-86b2-44d5-af2e-db7df8634376/query HTTP/1.1" 200
[32mINFO[0m:     [26-04-2025 19:57:53] ::1:50293 - "POST /api/v2/tenants/default_tenant/databases/default_database/collections/39459a7a-86b2-44d5-af2e-db7df8634376/query HTTP/1.1" 200
[32mINFO[0m:     [26-04-2025 20:22:02] ::1:56711 - "POST /api/v2/tenants/default_tenant/databases/default_database/collections/39459a7a-86b2-44d5-af2e-db7df8634376/query HTTP/1.1" 200
[32mINFO[0m:     [27-04-2025 07:59:31] ::1:61326 - "GET /api/v2/auth/identity HTTP/1.1" 200
[32mINFO[0m:     [27-04-2025 07:59:31] ::1:61327 - "GET /api/v2/tenants/default_tenant HTTP/1.1" 200
[32mINFO[0m:     [27-04-2025 07:59:31] ::1:61327 - "GET /api/v2/tenants/default_tenant/databases/default_database HTTP/1.1" 200
[36mDEBUG[0m:    [27-04-2025 07:59:31] Collection gitlab_data already exists, returning existing collection.
[32mINFO[0m:     [27-04-2025 07:59:31] ::1:61326 - "POST /api/v2/tenants/default_tenant/databases/default_database/collections HTTP/1.1" 200
[32mINFO[0m:     [27-04-2025 07:59:47] Backing off send_request(...) for 0.5s (requests.exceptions.ReadTimeout: HTTPSConnectionPool(host='us.i.posthog.com', port=443): Read timed out. (read timeout=15))
[32mINFO[0m:     [27-04-2025 08:07:51] ::1:61651 - "POST /api/v2/tenants/default_tenant/databases/default_database/collections/39459a7a-86b2-44d5-af2e-db7df8634376/query HTTP/1.1" 200
[32mINFO[0m:     [27-04-2025 08:08:14] ::1:61663 - "POST /api/v2/tenants/default_tenant/databases/default_database/collections/39459a7a-86b2-44d5-af2e-db7df8634376/query HTTP/1.1" 200
[32mINFO[0m:     [27-04-2025 08:08:53] ::1:61689 - "POST /api/v2/tenants/default_tenant/databases/default_database/collections/39459a7a-86b2-44d5-af2e-db7df8634376/query HTTP/1.1" 200
[32mINFO[0m:     [27-04-2025 08:35:56] ::1:62724 - "POST /api/v2/tenants/default_tenant/databases/default_database/collections/39459a7a-86b2-44d5-af2e-db7df8634376/query HTTP/1.1" 200
[32mINFO[0m:     [27-04-2025 08:36:03] ::1:62727 - "POST /api/v2/tenants/default_tenant/databases/default_database/collections/39459a7a-86b2-44d5-af2e-db7df8634376/query HTTP/1.1" 200
[32mINFO[0m:     [27-04-2025 08:38:00] ::1:62816 - "POST /api/v2/tenants/default_tenant/databases/default_database/collections/39459a7a-86b2-44d5-af2e-db7df8634376/query HTTP/1.1" 200
[32mINFO[0m:     [27-04-2025 08:46:48] ::1:63116 - "POST /api/v2/tenants/default_tenant/databases/default_database/collections/39459a7a-86b2-44d5-af2e-db7df8634376/query HTTP/1.1" 200
[32mINFO[0m:     [27-04-2025 08:48:59] ::1:63204 - "POST /api/v2/tenants/default_tenant/databases/default_database/collections/39459a7a-86b2-44d5-af2e-db7df8634376/query HTTP/1.1" 200
[32mINFO[0m:     [27-04-2025 08:49:25] ::1:63222 - "POST /api/v2/tenants/default_tenant/databases/default_database/collections/39459a7a-86b2-44d5-af2e-db7df8634376/query HTTP/1.1" 200
[32mINFO[0m:     [27-04-2025 08:49:46] ::1:63239 - "POST /api/v2/tenants/default_tenant/databases/default_database/collections/39459a7a-86b2-44d5-af2e-db7df8634376/query HTTP/1.1" 200
[32mINFO[0m:     [27-04-2025 08:49:56] ::1:63247 - "POST /api/v2/tenants/default_tenant/databases/default_database/collections/39459a7a-86b2-44d5-af2e-db7df8634376/query HTTP/1.1" 200
[32mINFO[0m:     [27-04-2025 08:52:11] ::1:63322 - "POST /api/v2/tenants/default_tenant/databases/default_database/collections/39459a7a-86b2-44d5-af2e-db7df8634376/query HTTP/1.1" 200
[32mINFO[0m:     [27-04-2025 08:52:50] ::1:63387 - "POST /api/v2/tenants/default_tenant/databases/default_database/collections/39459a7a-86b2-44d5-af2e-db7df8634376/query HTTP/1.1" 200
[32mINFO[0m:     [27-04-2025 08:53:06] ::1:63396 - "POST /api/v2/tenants/default_tenant/databases/default_database/collections/39459a7a-86b2-44d5-af2e-db7df8634376/query HTTP/1.1" 200
[32mINFO[0m:     [27-04-2025 08:53:15] ::1:63404 - "POST /api/v2/tenants/default_tenant/databases/default_database/collections/39459a7a-86b2-44d5-af2e-db7df8634376/query HTTP/1.1" 200
[32mINFO[0m:     [27-04-2025 08:56:59] ::1:63522 - "POST /api/v2/tenants/default_tenant/databases/default_database/collections/39459a7a-86b2-44d5-af2e-db7df8634376/query HTTP/1.1" 200
[32mINFO[0m:     [27-04-2025 08:57:04] ::1:63526 - "POST /api/v2/tenants/default_tenant/databases/default_database/collections/39459a7a-86b2-44d5-af2e-db7df8634376/query HTTP/1.1" 200
[32mINFO[0m:     [27-04-2025 08:57:17] ::1:63534 - "POST /api/v2/tenants/default_tenant/databases/default_database/collections/39459a7a-86b2-44d5-af2e-db7df8634376/query HTTP/1.1" 200
[32mINFO[0m:     [27-04-2025 08:57:22] ::1:63534 - "POST /api/v2/tenants/default_tenant/databases/default_database/collections/39459a7a-86b2-44d5-af2e-db7df8634376/query HTTP/1.1" 200
[32mINFO[0m:     [27-04-2025 08:57:26] ::1:63534 - "POST /api/v2/tenants/default_tenant/databases/default_database/collections/39459a7a-86b2-44d5-af2e-db7df8634376/query HTTP/1.1" 200
[32mINFO[0m:     [27-04-2025 08:57:30] ::1:63534 - "POST /api/v2/tenants/default_tenant/databases/default_database/collections/39459a7a-86b2-44d5-af2e-db7df8634376/query HTTP/1.1" 200
[32mINFO[0m:     [27-04-2025 08:58:11] ::1:63563 - "POST /api/v2/tenants/default_tenant/databases/default_database/collections/39459a7a-86b2-44d5-af2e-db7df8634376/query HTTP/1.1" 200
[32mINFO[0m:     [27-04-2025 08:59:35] ::1:63620 - "POST /api/v2/tenants/default_tenant/databases/default_database/collections/39459a7a-86b2-44d5-af2e-db7df8634376/query HTTP/1.1" 200
[32mINFO[0m:     [27-04-2025 09:01:41] ::1:63686 - "POST /api/v2/tenants/default_tenant/databases/default_database/collections/39459a7a-86b2-44d5-af2e-db7df8634376/query HTTP/1.1" 200
[32mINFO[0m:     [27-04-2025 09:02:04] ::1:63702 - "POST /api/v2/tenants/default_tenant/databases/default_database/collections/39459a7a-86b2-44d5-af2e-db7df8634376/query HTTP/1.1" 200
[32mINFO[0m:     [27-04-2025 09:14:54] ::1:64143 - "POST /api/v2/tenants/default_tenant/databases/default_database/collections/39459a7a-86b2-44d5-af2e-db7df8634376/query HTTP/1.1" 200
[32mINFO[0m:     [27-04-2025 09:15:38] ::1:64172 - "POST /api/v2/tenants/default_tenant/databases/default_database/collections/39459a7a-86b2-44d5-af2e-db7df8634376/query HTTP/1.1" 200
[32mINFO[0m:     [27-04-2025 09:16:38] ::1:64215 - "POST /api/v2/tenants/default_tenant/databases/default_database/collections/39459a7a-86b2-44d5-af2e-db7df8634376/query HTTP/1.1" 200
[32mINFO[0m:     [27-04-2025 09:16:56] ::1:64228 - "POST /api/v2/tenants/default_tenant/databases/default_database/collections/39459a7a-86b2-44d5-af2e-db7df8634376/query HTTP/1.1" 200
